[2025-09-04T13:54:56.906+0000] {manager.py:483} INFO - Processing files using up to 1 processes at a time 
[2025-09-04T13:54:56.907+0000] {manager.py:484} INFO - Process each file at most once every 30 seconds
[2025-09-04T13:54:56.907+0000] {manager.py:485} INFO - Checking for new files in /home/projectuser/airflow/dags every 300 seconds
[2025-09-04T13:54:56.907+0000] {manager.py:821} INFO - Searching for files in /home/projectuser/airflow/dags
[2025-09-04T13:54:56.907+0000] {manager.py:824} INFO - There are 0 files in /home/projectuser/airflow/dags
[2025-09-04T13:59:57.017+0000] {manager.py:821} INFO - Searching for files in /home/projectuser/airflow/dags
[2025-09-04T13:59:57.018+0000] {manager.py:824} INFO - There are 0 files in /home/projectuser/airflow/dags
[2025-09-04T14:04:57.157+0000] {manager.py:821} INFO - Searching for files in /home/projectuser/airflow/dags
[2025-09-04T14:04:57.158+0000] {manager.py:824} INFO - There are 0 files in /home/projectuser/airflow/dags
[2025-09-04T14:09:57.291+0000] {manager.py:821} INFO - Searching for files in /home/projectuser/airflow/dags
[2025-09-04T14:09:57.292+0000] {manager.py:824} INFO - There are 0 files in /home/projectuser/airflow/dags
[2025-09-04T14:14:57.441+0000] {manager.py:821} INFO - Searching for files in /home/projectuser/airflow/dags
[2025-09-04T14:14:57.442+0000] {manager.py:824} INFO - There are 1 files in /home/projectuser/airflow/dags
[2025-09-04T14:14:59.037+0000] {manager.py:997} INFO - 
================================================================================
DAG File Processing Stats

File Path                                           PID    Runtime      # DAGs    # Errors  Last Runtime    Last Run               Last # of DB Queries
--------------------------------------------------  -----  ---------  --------  ----------  --------------  -------------------  ----------------------
/home/projectuser/airflow/dags/dbt_auto_csv_dag.py                           1           0  0.30s           2025-09-04T14:14:57                      43
================================================================================
[2025-09-04T14:15:29.091+0000] {manager.py:997} INFO - 
================================================================================
DAG File Processing Stats

File Path                                           PID    Runtime      # DAGs    # Errors  Last Runtime    Last Run               Last # of DB Queries
--------------------------------------------------  -----  ---------  --------  ----------  --------------  -------------------  ----------------------
/home/projectuser/airflow/dags/dbt_auto_csv_dag.py                           1           0  0.10s           2025-09-04T14:15:28                      10
================================================================================
[2025-09-04T14:15:59.147+0000] {manager.py:997} INFO - 
================================================================================
DAG File Processing Stats

File Path                                           PID    Runtime      # DAGs    # Errors  Last Runtime    Last Run               Last # of DB Queries
--------------------------------------------------  -----  ---------  --------  ----------  --------------  -------------------  ----------------------
/home/projectuser/airflow/dags/dbt_auto_csv_dag.py                           1           0  0.10s           2025-09-04T14:15:58                      10
================================================================================
[2025-09-04T14:16:29.204+0000] {manager.py:997} INFO - 
================================================================================
DAG File Processing Stats

File Path                                           PID    Runtime      # DAGs    # Errors  Last Runtime    Last Run               Last # of DB Queries
--------------------------------------------------  -----  ---------  --------  ----------  --------------  -------------------  ----------------------
/home/projectuser/airflow/dags/dbt_auto_csv_dag.py                           1           0  0.10s           2025-09-04T14:16:29                      10
================================================================================
[2025-09-04T14:16:59.364+0000] {manager.py:997} INFO - 
================================================================================
DAG File Processing Stats

File Path                                           PID    Runtime      # DAGs    # Errors  Last Runtime    Last Run               Last # of DB Queries
--------------------------------------------------  -----  ---------  --------  ----------  --------------  -------------------  ----------------------
/home/projectuser/airflow/dags/dbt_auto_csv_dag.py                           1           0  0.10s           2025-09-04T14:16:59                      10
================================================================================
[2025-09-04T14:17:29.526+0000] {manager.py:997} INFO - 
================================================================================
DAG File Processing Stats

File Path                                           PID    Runtime      # DAGs    # Errors  Last Runtime    Last Run               Last # of DB Queries
--------------------------------------------------  -----  ---------  --------  ----------  --------------  -------------------  ----------------------
/home/projectuser/airflow/dags/dbt_auto_csv_dag.py                           1           0  0.10s           2025-09-04T14:17:29                      10
================================================================================
[2025-09-04T14:17:59.682+0000] {manager.py:997} INFO - 
================================================================================
DAG File Processing Stats

File Path                                           PID    Runtime      # DAGs    # Errors  Last Runtime    Last Run               Last # of DB Queries
--------------------------------------------------  -----  ---------  --------  ----------  --------------  -------------------  ----------------------
/home/projectuser/airflow/dags/dbt_auto_csv_dag.py                           1           0  0.10s           2025-09-04T14:17:59                      10
================================================================================
[2025-09-04T14:18:29.838+0000] {manager.py:997} INFO - 
================================================================================
DAG File Processing Stats

File Path                                           PID    Runtime      # DAGs    # Errors  Last Runtime    Last Run               Last # of DB Queries
--------------------------------------------------  -----  ---------  --------  ----------  --------------  -------------------  ----------------------
/home/projectuser/airflow/dags/dbt_auto_csv_dag.py                           1           0  0.10s           2025-09-04T14:18:29                      10
================================================================================
[2025-09-04T14:19:00.000+0000] {manager.py:997} INFO - 
================================================================================
DAG File Processing Stats

File Path                                           PID    Runtime      # DAGs    # Errors  Last Runtime    Last Run               Last # of DB Queries
--------------------------------------------------  -----  ---------  --------  ----------  --------------  -------------------  ----------------------
/home/projectuser/airflow/dags/dbt_auto_csv_dag.py                           1           0  0.10s           2025-09-04T14:18:59                      10
================================================================================
[2025-09-04T14:19:30.162+0000] {manager.py:997} INFO - 
================================================================================
DAG File Processing Stats

File Path                                           PID    Runtime      # DAGs    # Errors  Last Runtime    Last Run               Last # of DB Queries
--------------------------------------------------  -----  ---------  --------  ----------  --------------  -------------------  ----------------------
/home/projectuser/airflow/dags/dbt_auto_csv_dag.py                           1           0  0.10s           2025-09-04T14:19:30                      10
================================================================================
[2025-09-04T14:19:57.463+0000] {manager.py:821} INFO - Searching for files in /home/projectuser/airflow/dags
[2025-09-04T14:19:57.466+0000] {manager.py:824} INFO - There are 1 files in /home/projectuser/airflow/dags
[2025-09-04T14:20:00.321+0000] {manager.py:997} INFO - 
================================================================================
DAG File Processing Stats

File Path                                           PID    Runtime      # DAGs    # Errors  Last Runtime    Last Run               Last # of DB Queries
--------------------------------------------------  -----  ---------  --------  ----------  --------------  -------------------  ----------------------
/home/projectuser/airflow/dags/dbt_auto_csv_dag.py                           1           0  0.10s           2025-09-04T14:20:00                      10
================================================================================
[2025-09-04T14:20:30.472+0000] {manager.py:997} INFO - 
================================================================================
DAG File Processing Stats

File Path                                           PID    Runtime      # DAGs    # Errors  Last Runtime    Last Run               Last # of DB Queries
--------------------------------------------------  -----  ---------  --------  ----------  --------------  -------------------  ----------------------
/home/projectuser/airflow/dags/dbt_auto_csv_dag.py                           1           0  0.10s           2025-09-04T14:20:30                      10
================================================================================
[2025-09-04T14:21:00.625+0000] {manager.py:997} INFO - 
================================================================================
DAG File Processing Stats

File Path                                           PID    Runtime      # DAGs    # Errors  Last Runtime    Last Run               Last # of DB Queries
--------------------------------------------------  -----  ---------  --------  ----------  --------------  -------------------  ----------------------
/home/projectuser/airflow/dags/dbt_auto_csv_dag.py                           1           0  0.10s           2025-09-04T14:21:00                      10
================================================================================
[2025-09-04T14:21:30.782+0000] {manager.py:997} INFO - 
================================================================================
DAG File Processing Stats

File Path                                           PID    Runtime      # DAGs    # Errors  Last Runtime    Last Run               Last # of DB Queries
--------------------------------------------------  -----  ---------  --------  ----------  --------------  -------------------  ----------------------
/home/projectuser/airflow/dags/dbt_auto_csv_dag.py                           1           0  0.10s           2025-09-04T14:21:30                      10
================================================================================
[2025-09-04T14:22:00.947+0000] {manager.py:997} INFO - 
================================================================================
DAG File Processing Stats

File Path                                           PID    Runtime      # DAGs    # Errors  Last Runtime    Last Run               Last # of DB Queries
--------------------------------------------------  -----  ---------  --------  ----------  --------------  -------------------  ----------------------
/home/projectuser/airflow/dags/dbt_auto_csv_dag.py                           1           0  0.10s           2025-09-04T14:22:00                      10
================================================================================
[2025-09-04T14:22:31.127+0000] {manager.py:997} INFO - 
================================================================================
DAG File Processing Stats

File Path                                           PID    Runtime      # DAGs    # Errors  Last Runtime    Last Run               Last # of DB Queries
--------------------------------------------------  -----  ---------  --------  ----------  --------------  -------------------  ----------------------
/home/projectuser/airflow/dags/dbt_auto_csv_dag.py                           1           0  0.10s           2025-09-04T14:22:31                      10
================================================================================
[2025-09-04T14:23:01.338+0000] {manager.py:997} INFO - 
================================================================================
DAG File Processing Stats

File Path                                           PID    Runtime      # DAGs    # Errors  Last Runtime    Last Run               Last # of DB Queries
--------------------------------------------------  -----  ---------  --------  ----------  --------------  -------------------  ----------------------
/home/projectuser/airflow/dags/dbt_auto_csv_dag.py                           1           0  0.11s           2025-09-04T14:23:01                      10
================================================================================
[2025-09-04T14:23:31.644+0000] {manager.py:997} INFO - 
================================================================================
DAG File Processing Stats

File Path                                           PID    Runtime      # DAGs    # Errors  Last Runtime    Last Run               Last # of DB Queries
--------------------------------------------------  -----  ---------  --------  ----------  --------------  -------------------  ----------------------
/home/projectuser/airflow/dags/dbt_auto_csv_dag.py                           1           0  0.21s           2025-09-04T14:23:31                      10
================================================================================
[2025-09-04T14:24:01.987+0000] {manager.py:997} INFO - 
================================================================================
DAG File Processing Stats

File Path                                           PID    Runtime      # DAGs    # Errors  Last Runtime    Last Run               Last # of DB Queries
--------------------------------------------------  -----  ---------  --------  ----------  --------------  -------------------  ----------------------
/home/projectuser/airflow/dags/dbt_auto_csv_dag.py                           1           0  0.20s           2025-09-04T14:24:01                      10
================================================================================
[2025-09-04T14:24:32.191+0000] {manager.py:997} INFO - 
================================================================================
DAG File Processing Stats

File Path                                           PID    Runtime      # DAGs    # Errors  Last Runtime    Last Run               Last # of DB Queries
--------------------------------------------------  -----  ---------  --------  ----------  --------------  -------------------  ----------------------
/home/projectuser/airflow/dags/dbt_auto_csv_dag.py                           1           0  0.10s           2025-09-04T14:24:32                      10
================================================================================
[2025-09-04T14:24:58.079+0000] {manager.py:821} INFO - Searching for files in /home/projectuser/airflow/dags
[2025-09-04T14:24:58.081+0000] {manager.py:824} INFO - There are 1 files in /home/projectuser/airflow/dags
[2025-09-04T14:25:02.380+0000] {manager.py:997} INFO - 
================================================================================
DAG File Processing Stats

File Path                                           PID    Runtime      # DAGs    # Errors  Last Runtime    Last Run               Last # of DB Queries
--------------------------------------------------  -----  ---------  --------  ----------  --------------  -------------------  ----------------------
/home/projectuser/airflow/dags/dbt_auto_csv_dag.py                           1           0  0.11s           2025-09-04T14:25:02                      10
================================================================================
[2025-09-04T14:25:32.576+0000] {manager.py:997} INFO - 
================================================================================
DAG File Processing Stats

File Path                                           PID    Runtime      # DAGs    # Errors  Last Runtime    Last Run               Last # of DB Queries
--------------------------------------------------  -----  ---------  --------  ----------  --------------  -------------------  ----------------------
/home/projectuser/airflow/dags/dbt_auto_csv_dag.py                           1           0  0.10s           2025-09-04T14:25:32                      10
================================================================================
[2025-09-04T14:26:02.705+0000] {manager.py:997} INFO - 
================================================================================
DAG File Processing Stats

File Path                                           PID    Runtime      # DAGs    # Errors  Last Runtime    Last Run               Last # of DB Queries
--------------------------------------------------  -----  ---------  --------  ----------  --------------  -------------------  ----------------------
/home/projectuser/airflow/dags/dbt_auto_csv_dag.py                           1           0  0.10s           2025-09-04T14:26:02                      10
================================================================================
[2025-09-04T14:26:32.891+0000] {manager.py:997} INFO - 
================================================================================
DAG File Processing Stats

File Path                                           PID    Runtime      # DAGs    # Errors  Last Runtime    Last Run               Last # of DB Queries
--------------------------------------------------  -----  ---------  --------  ----------  --------------  -------------------  ----------------------
/home/projectuser/airflow/dags/dbt_auto_csv_dag.py                           1           0  0.10s           2025-09-04T14:26:32                      10
================================================================================
[2025-09-04T14:27:03.084+0000] {manager.py:997} INFO - 
================================================================================
DAG File Processing Stats

File Path                                           PID    Runtime      # DAGs    # Errors  Last Runtime    Last Run               Last # of DB Queries
--------------------------------------------------  -----  ---------  --------  ----------  --------------  -------------------  ----------------------
/home/projectuser/airflow/dags/dbt_auto_csv_dag.py                           1           0  0.10s           2025-09-04T14:27:03                      10
================================================================================
[2025-09-04T14:27:33.287+0000] {manager.py:997} INFO - 
================================================================================
DAG File Processing Stats

File Path                                           PID    Runtime      # DAGs    # Errors  Last Runtime    Last Run               Last # of DB Queries
--------------------------------------------------  -----  ---------  --------  ----------  --------------  -------------------  ----------------------
/home/projectuser/airflow/dags/dbt_auto_csv_dag.py                           1           0  0.10s           2025-09-04T14:27:33                      10
================================================================================
[2025-09-04T14:28:03.482+0000] {manager.py:997} INFO - 
================================================================================
DAG File Processing Stats

File Path                                           PID    Runtime      # DAGs    # Errors  Last Runtime    Last Run               Last # of DB Queries
--------------------------------------------------  -----  ---------  --------  ----------  --------------  -------------------  ----------------------
/home/projectuser/airflow/dags/dbt_auto_csv_dag.py                           1           0  0.10s           2025-09-04T14:28:03                      10
================================================================================
[2025-09-04T14:28:33.665+0000] {manager.py:997} INFO - 
================================================================================
DAG File Processing Stats

File Path                                           PID    Runtime      # DAGs    # Errors  Last Runtime    Last Run               Last # of DB Queries
--------------------------------------------------  -----  ---------  --------  ----------  --------------  -------------------  ----------------------
/home/projectuser/airflow/dags/dbt_auto_csv_dag.py                           1           0  0.10s           2025-09-04T14:28:33                      10
================================================================================
[2025-09-04T14:29:03.846+0000] {manager.py:997} INFO - 
================================================================================
DAG File Processing Stats

File Path                                           PID    Runtime      # DAGs    # Errors  Last Runtime    Last Run               Last # of DB Queries
--------------------------------------------------  -----  ---------  --------  ----------  --------------  -------------------  ----------------------
/home/projectuser/airflow/dags/dbt_auto_csv_dag.py                           1           0  0.10s           2025-09-04T14:29:03                      10
================================================================================
[2025-09-04T14:29:33.964+0000] {manager.py:997} INFO - 
================================================================================
DAG File Processing Stats

File Path                                           PID    Runtime      # DAGs    # Errors  Last Runtime    Last Run               Last # of DB Queries
--------------------------------------------------  -----  ---------  --------  ----------  --------------  -------------------  ----------------------
/home/projectuser/airflow/dags/dbt_auto_csv_dag.py                           1           0  0.10s           2025-09-04T14:29:33                      10
================================================================================
[2025-09-04T14:29:58.123+0000] {manager.py:821} INFO - Searching for files in /home/projectuser/airflow/dags
[2025-09-04T14:29:58.123+0000] {manager.py:824} INFO - There are 1 files in /home/projectuser/airflow/dags
[2025-09-04T14:30:04.146+0000] {manager.py:997} INFO - 
================================================================================
DAG File Processing Stats

File Path                                           PID    Runtime      # DAGs    # Errors  Last Runtime    Last Run               Last # of DB Queries
--------------------------------------------------  -----  ---------  --------  ----------  --------------  -------------------  ----------------------
/home/projectuser/airflow/dags/dbt_auto_csv_dag.py                           1           0  0.10s           2025-09-04T14:30:04                      10
================================================================================
[2025-09-04T14:30:34.324+0000] {manager.py:997} INFO - 
================================================================================
DAG File Processing Stats

File Path                                           PID    Runtime      # DAGs    # Errors  Last Runtime    Last Run               Last # of DB Queries
--------------------------------------------------  -----  ---------  --------  ----------  --------------  -------------------  ----------------------
/home/projectuser/airflow/dags/dbt_auto_csv_dag.py                           1           0  0.10s           2025-09-04T14:30:34                      10
================================================================================
[2025-09-04T14:31:04.507+0000] {manager.py:997} INFO - 
================================================================================
DAG File Processing Stats

File Path                                           PID    Runtime      # DAGs    # Errors  Last Runtime    Last Run               Last # of DB Queries
--------------------------------------------------  -----  ---------  --------  ----------  --------------  -------------------  ----------------------
/home/projectuser/airflow/dags/dbt_auto_csv_dag.py                           1           0  0.10s           2025-09-04T14:31:04                      10
================================================================================
[2025-09-04T14:31:34.696+0000] {manager.py:997} INFO - 
================================================================================
DAG File Processing Stats

File Path                                           PID    Runtime      # DAGs    # Errors  Last Runtime    Last Run               Last # of DB Queries
--------------------------------------------------  -----  ---------  --------  ----------  --------------  -------------------  ----------------------
/home/projectuser/airflow/dags/dbt_auto_csv_dag.py                           1           0  0.10s           2025-09-04T14:31:34                      10
================================================================================
[2025-09-04T14:32:05.024+0000] {manager.py:997} INFO - 
================================================================================
DAG File Processing Stats

File Path                                           PID    Runtime      # DAGs    # Errors  Last Runtime    Last Run               Last # of DB Queries
--------------------------------------------------  -----  ---------  --------  ----------  --------------  -------------------  ----------------------
/home/projectuser/airflow/dags/dbt_auto_csv_dag.py                           1           0  0.10s           2025-09-04T14:32:05                      10
================================================================================
[2025-09-04T14:32:35.177+0000] {manager.py:997} INFO - 
================================================================================
DAG File Processing Stats

File Path                                           PID    Runtime      # DAGs    # Errors  Last Runtime    Last Run               Last # of DB Queries
--------------------------------------------------  -----  ---------  --------  ----------  --------------  -------------------  ----------------------
/home/projectuser/airflow/dags/dbt_auto_csv_dag.py                           1           0  0.10s           2025-09-04T14:32:35                      10
================================================================================
[2025-09-04T14:33:05.344+0000] {manager.py:997} INFO - 
================================================================================
DAG File Processing Stats

File Path                                           PID    Runtime      # DAGs    # Errors  Last Runtime    Last Run               Last # of DB Queries
--------------------------------------------------  -----  ---------  --------  ----------  --------------  -------------------  ----------------------
/home/projectuser/airflow/dags/dbt_auto_csv_dag.py                           1           0  0.10s           2025-09-04T14:33:05                      10
================================================================================
[2025-09-04T14:33:35.501+0000] {manager.py:997} INFO - 
================================================================================
DAG File Processing Stats

File Path                                           PID    Runtime      # DAGs    # Errors  Last Runtime    Last Run               Last # of DB Queries
--------------------------------------------------  -----  ---------  --------  ----------  --------------  -------------------  ----------------------
/home/projectuser/airflow/dags/dbt_auto_csv_dag.py                           1           0  0.10s           2025-09-04T14:33:35                      10
================================================================================
[2025-09-04T14:34:05.658+0000] {manager.py:997} INFO - 
================================================================================
DAG File Processing Stats

File Path                                           PID    Runtime      # DAGs    # Errors  Last Runtime    Last Run               Last # of DB Queries
--------------------------------------------------  -----  ---------  --------  ----------  --------------  -------------------  ----------------------
/home/projectuser/airflow/dags/dbt_auto_csv_dag.py                           1           0  0.10s           2025-09-04T14:34:05                      10
================================================================================
[2025-09-04T14:34:35.814+0000] {manager.py:997} INFO - 
================================================================================
DAG File Processing Stats

File Path                                           PID    Runtime      # DAGs    # Errors  Last Runtime    Last Run               Last # of DB Queries
--------------------------------------------------  -----  ---------  --------  ----------  --------------  -------------------  ----------------------
/home/projectuser/airflow/dags/dbt_auto_csv_dag.py                           1           0  0.10s           2025-09-04T14:34:35                      10
================================================================================
[2025-09-04T14:34:58.458+0000] {manager.py:821} INFO - Searching for files in /home/projectuser/airflow/dags
[2025-09-04T14:34:58.459+0000] {manager.py:824} INFO - There are 1 files in /home/projectuser/airflow/dags
[2025-09-04T14:35:05.974+0000] {manager.py:997} INFO - 
================================================================================
DAG File Processing Stats

File Path                                           PID    Runtime      # DAGs    # Errors  Last Runtime    Last Run               Last # of DB Queries
--------------------------------------------------  -----  ---------  --------  ----------  --------------  -------------------  ----------------------
/home/projectuser/airflow/dags/dbt_auto_csv_dag.py                           1           0  0.10s           2025-09-04T14:35:05                      10
================================================================================
[2025-09-04T14:35:36.132+0000] {manager.py:997} INFO - 
================================================================================
DAG File Processing Stats

File Path                                           PID    Runtime      # DAGs    # Errors  Last Runtime    Last Run               Last # of DB Queries
--------------------------------------------------  -----  ---------  --------  ----------  --------------  -------------------  ----------------------
/home/projectuser/airflow/dags/dbt_auto_csv_dag.py                           1           0  0.10s           2025-09-04T14:35:36                      10
================================================================================
[2025-09-04T14:36:06.286+0000] {manager.py:997} INFO - 
================================================================================
DAG File Processing Stats

File Path                                           PID    Runtime      # DAGs    # Errors  Last Runtime    Last Run               Last # of DB Queries
--------------------------------------------------  -----  ---------  --------  ----------  --------------  -------------------  ----------------------
/home/projectuser/airflow/dags/dbt_auto_csv_dag.py                           1           0  0.10s           2025-09-04T14:36:06                      10
================================================================================
[2025-09-04T14:36:36.441+0000] {manager.py:997} INFO - 
================================================================================
DAG File Processing Stats

File Path                                           PID    Runtime      # DAGs    # Errors  Last Runtime    Last Run               Last # of DB Queries
--------------------------------------------------  -----  ---------  --------  ----------  --------------  -------------------  ----------------------
/home/projectuser/airflow/dags/dbt_auto_csv_dag.py                           1           0  0.10s           2025-09-04T14:36:36                      10
================================================================================
[2025-09-04T14:37:06.583+0000] {manager.py:997} INFO - 
================================================================================
DAG File Processing Stats

File Path                                           PID    Runtime      # DAGs    # Errors  Last Runtime    Last Run               Last # of DB Queries
--------------------------------------------------  -----  ---------  --------  ----------  --------------  -------------------  ----------------------
/home/projectuser/airflow/dags/dbt_auto_csv_dag.py                           1           0  0.10s           2025-09-04T14:37:06                      10
================================================================================
[2025-09-04T14:37:36.736+0000] {manager.py:997} INFO - 
================================================================================
DAG File Processing Stats

File Path                                           PID    Runtime      # DAGs    # Errors  Last Runtime    Last Run               Last # of DB Queries
--------------------------------------------------  -----  ---------  --------  ----------  --------------  -------------------  ----------------------
/home/projectuser/airflow/dags/dbt_auto_csv_dag.py                           1           0  0.10s           2025-09-04T14:37:36                      10
================================================================================
[2025-09-04T14:37:45.333+0000] {manager.py:465} INFO - Exiting gracefully upon receiving signal 15
