[2025-09-04T14:21:40.601+0000] {local_task_job_runner.py:123} INFO - ::group::Pre task execution logs
[2025-09-04T14:21:40.620+0000] {taskinstance.py:2631} INFO - Dependencies all met for dep_context=non-requeueable deps ti=<TaskInstance: dbt_auto_csv_pipeline.check_dbt_installation manual__2025-09-04T14:21:35.088825+00:00 [queued]>
[2025-09-04T14:21:40.626+0000] {taskinstance.py:2631} INFO - Dependencies all met for dep_context=requeueable deps ti=<TaskInstance: dbt_auto_csv_pipeline.check_dbt_installation manual__2025-09-04T14:21:35.088825+00:00 [queued]>
[2025-09-04T14:21:40.627+0000] {taskinstance.py:2884} INFO - Starting attempt 1 of 3
[2025-09-04T14:21:40.642+0000] {taskinstance.py:2907} INFO - Executing <Task(PythonOperator): check_dbt_installation> on 2025-09-04 14:21:35.088825+00:00
[2025-09-04T14:21:40.644+0000] {standard_task_runner.py:72} INFO - Started process 197878 to run task
[2025-09-04T14:21:40.648+0000] {standard_task_runner.py:104} INFO - Running: ['airflow', 'tasks', 'run', 'dbt_auto_csv_pipeline', 'check_dbt_installation', 'manual__2025-09-04T14:21:35.088825+00:00', '--job-id', '3', '--raw', '--subdir', 'DAGS_FOLDER/dbt_auto_csv_dag.py', '--cfg-path', '/tmp/tmpxz2tc4kb']
[2025-09-04T14:21:40.650+0000] {standard_task_runner.py:105} INFO - Job 3: Subtask check_dbt_installation
[2025-09-04T14:21:40.685+0000] {task_command.py:467} INFO - Running <TaskInstance: dbt_auto_csv_pipeline.check_dbt_installation manual__2025-09-04T14:21:35.088825+00:00 [running]> on host INB-YVARADHARAJAN.Trellance.com
[2025-09-04T14:21:40.739+0000] {taskinstance.py:3157} INFO - Exporting env vars: AIRFLOW_CTX_DAG_OWNER='data-engineer' AIRFLOW_CTX_DAG_ID='dbt_auto_csv_pipeline' AIRFLOW_CTX_TASK_ID='check_dbt_installation' AIRFLOW_CTX_EXECUTION_DATE='2025-09-04T14:21:35.088825+00:00' AIRFLOW_CTX_TRY_NUMBER='1' AIRFLOW_CTX_DAG_RUN_ID='manual__2025-09-04T14:21:35.088825+00:00'
[2025-09-04T14:21:40.740+0000] {taskinstance.py:740} INFO - ::endgroup::
[2025-09-04T14:21:42.359+0000] {dbt_auto_csv_dag.py:67} INFO - dbt version: Core:
  - installed: 1.9.0  
  - latest:    1.10.10 - Update available!

  Your version of dbt-core is out of date!
  You can find instructions for upgrading here:
  https://docs.getdbt.com/docs/installation

Plugins:
  - sqlite: 1.9.1 - Update available!

  At least one plugin is out of date or incompatible with dbt-core.
  You can find instructions for upgrading here:
  https://docs.getdbt.com/docs/installation



[2025-09-04T14:21:42.359+0000] {python.py:240} INFO - Done. Returned value was: None
[2025-09-04T14:21:42.363+0000] {taskinstance.py:349} INFO - ::group::Post task execution logs
[2025-09-04T14:21:42.363+0000] {taskinstance.py:361} INFO - Marking task as SUCCESS. dag_id=dbt_auto_csv_pipeline, task_id=check_dbt_installation, run_id=manual__2025-09-04T14:21:35.088825+00:00, execution_date=20250904T142135, start_date=20250904T142140, end_date=20250904T142142
[2025-09-04T14:21:42.390+0000] {local_task_job_runner.py:266} INFO - Task exited with return code 0
[2025-09-04T14:21:42.405+0000] {taskinstance.py:3924} INFO - 1 downstream tasks scheduled from follow-on schedule check
[2025-09-04T14:21:42.408+0000] {local_task_job_runner.py:245} INFO - ::endgroup::
